/Users/dustincota/Library/Python/3.9/lib/python/site-packages/urllib3/__init__.py:35: NotOpenSSLWarning: urllib3 v2 only supports OpenSSL 1.1.1+, currently the 'ssl' module is compiled with 'LibreSSL 2.8.3'. See: https://github.com/urllib3/urllib3/issues/3020
  warnings.warn(
[18:10:56] Loading firms with websites...
[18:10:56] Loading firms with websites...
[18:11:02]   Loaded 10000 firms, 9996 with domains...
[18:11:02]   Loaded 10000 firms, 9996 with domains...
[18:11:04]   Loaded 20000 firms, 19990 with domains...
[18:11:04]   Loaded 20000 firms, 19990 with domains...
[18:11:06]   Loaded 30000 firms, 29981 with domains...
[18:11:06]   Loaded 30000 firms, 29981 with domains...
[18:11:07]   Loaded 40000 firms, 39977 with domains...
[18:11:07]   Loaded 40000 firms, 39977 with domains...
[18:11:09]   Loaded 50000 firms, 49971 with domains...
[18:11:09]   Loaded 50000 firms, 49971 with domains...
[18:11:11]   Loaded 60000 firms, 59962 with domains...
[18:11:11]   Loaded 60000 firms, 59962 with domains...
[18:11:13]   Loaded 70000 firms, 69954 with domains...
[18:11:13]   Loaded 70000 firms, 69954 with domains...
[18:11:15]   Loaded 80000 firms, 79947 with domains...
[18:11:15]   Loaded 80000 firms, 79947 with domains...
[18:11:17]   Loaded 90000 firms, 89941 with domains...
[18:11:17]   Loaded 90000 firms, 89941 with domains...
[18:11:19]   Loaded 100000 firms, 99938 with domains...
[18:11:19]   Loaded 100000 firms, 99938 with domains...
[18:11:22]   Loaded 110000 firms, 109933 with domains...
[18:11:22]   Loaded 110000 firms, 109933 with domains...
[18:11:24]   Loaded 120000 firms, 119922 with domains...
[18:11:24]   Loaded 120000 firms, 119922 with domains...
[18:11:27]   Loaded 130000 firms, 129906 with domains...
[18:11:27]   Loaded 130000 firms, 129906 with domains...
[18:11:30]   Loaded 140000 firms, 139900 with domains...
[18:11:30]   Loaded 140000 firms, 139900 with domains...
[18:11:33]   Loaded 150000 firms, 149894 with domains...
[18:11:33]   Loaded 150000 firms, 149894 with domains...
[18:11:36]   Loaded 160000 firms, 159891 with domains...
[18:11:36]   Loaded 160000 firms, 159891 with domains...
[18:11:40]   Loaded 170000 firms, 169887 with domains...
[18:11:40]   Loaded 170000 firms, 169887 with domains...
[18:11:42] Built lookup: 176629 firms with domains from 176749 rows
[18:11:42] Built lookup: 176629 firms with domains from 176749 rows
[18:11:42] Matching EDGAR people to firm domains...
[18:11:42] Matching EDGAR people to firm domains...
[18:12:14]   Scanned 1000: 420 matched this page (total: 420)
[18:12:14]   Scanned 1000: 420 matched this page (total: 420)
[18:12:50]   Scanned 2000: 449 matched this page (total: 869)
[18:12:50]   Scanned 2000: 449 matched this page (total: 869)
[18:13:24]   Scanned 3000: 449 matched this page (total: 1318)
[18:13:24]   Scanned 3000: 449 matched this page (total: 1318)
[18:13:59]   Scanned 4000: 463 matched this page (total: 1781)
[18:13:59]   Scanned 4000: 463 matched this page (total: 1781)
[18:14:02] Done. Scanned 4000 people, backfilled 1781 domains
[18:14:02] Done. Scanned 4000 people, backfilled 1781 domains
