/Users/dustincota/Library/Python/3.9/lib/python/site-packages/urllib3/__init__.py:35: NotOpenSSLWarning: urllib3 v2 only supports OpenSSL 1.1.1+, currently the 'ssl' module is compiled with 'LibreSSL 2.8.3'. See: https://github.com/urllib3/urllib3/issues/3020
  warnings.warn(
[2026-03-10 19:23:05] INFO    Found 12457 businesses matching filters
[2026-03-10 19:23:05] INFO    Limit: 42, already processed: 0
[2026-03-10 19:23:05] INFO    [1/42] Enriching: Drilling and Irrigation Solutions of Brevard, Inc. (no domain)
[2026-03-10 19:23:05] INFO      Layer 3: SEC EDGAR -> Drilling and Irrigation Solutions of Brevard, Inc.
[2026-03-10 19:23:06] INFO      -> 0 sources: 
[2026-03-10 19:23:07] INFO    [2/42] Enriching: Dave's Lawn Care (no domain)
[2026-03-10 19:23:07] INFO      Layer 3: SEC EDGAR -> Dave's Lawn Care
[2026-03-10 19:23:07] INFO      -> 0 sources: 
[2026-03-10 19:23:07] INFO    [3/42] Enriching: Dillin Lawn Care (no domain)
[2026-03-10 19:23:07] INFO      Layer 3: SEC EDGAR -> Dillin Lawn Care
[2026-03-10 19:23:08] INFO      -> 0 sources: 
[2026-03-10 19:23:08] INFO    [4/42] Enriching: TKC Landscaping (no domain)
[2026-03-10 19:23:08] INFO      Layer 3: SEC EDGAR -> TKC Landscaping
[2026-03-10 19:23:09] INFO      -> 0 sources: 
[2026-03-10 19:23:09] INFO    [5/42] Enriching: Al's Tree Service (no domain)
[2026-03-10 19:23:09] INFO      Layer 3: SEC EDGAR -> Al's Tree Service
[2026-03-10 19:23:10] INFO      -> 0 sources: 
[2026-03-10 19:23:10] INFO    [6/42] Enriching: Red Rose Landscaping (no domain)
[2026-03-10 19:23:10] INFO      Layer 3: SEC EDGAR -> Red Rose Landscaping
[2026-03-10 19:23:10] INFO      -> 0 sources: 
[2026-03-10 19:23:11] INFO    [7/42] Enriching: MCNULTY TREE & LAWN CARE, INC. (no domain)
[2026-03-10 19:23:11] INFO      Layer 3: SEC EDGAR -> MCNULTY TREE & LAWN CARE, INC.
[2026-03-10 19:23:11] INFO      -> 0 sources: 
[2026-03-10 19:23:12] INFO    [8/42] Enriching: DELUCA LAWN MAINTENANCE SERVICE, INC. (no domain)
[2026-03-10 19:23:12] INFO      Layer 3: SEC EDGAR -> DELUCA LAWN MAINTENANCE SERVICE, INC.
[2026-03-10 19:23:12] INFO      -> 0 sources: 
[2026-03-10 19:23:13] INFO    [9/42] Enriching: T.L.C. TREE & LAWN CARE, INC. (no domain)
[2026-03-10 19:23:13] INFO      Layer 3: SEC EDGAR -> T.L.C. TREE & LAWN CARE, INC.
[2026-03-10 19:23:13] INFO      -> 0 sources: 
[2026-03-10 19:23:13] INFO    [10/42] Enriching: JACRIST GARDENING SERVICES, INC. (no domain)
[2026-03-10 19:23:13] INFO      Layer 3: SEC EDGAR -> JACRIST GARDENING SERVICES, INC.
[2026-03-10 19:23:14] INFO      -> 0 sources: 
[2026-03-10 19:23:14] INFO    [11/42] Enriching: WOODLAWN VETERANS MUTUAL HOUSING COMPANY, INC. (no domain)
[2026-03-10 19:23:14] INFO      Layer 3: SEC EDGAR -> WOODLAWN VETERANS MUTUAL HOUSING COMPANY, INC.
[2026-03-10 19:23:14] INFO      -> 0 sources: 
[2026-03-10 19:23:15] INFO    [12/42] Enriching: FIVE TOWNS SPRINKLER SERVICE INC. (no domain)
[2026-03-10 19:23:15] INFO      Layer 3: SEC EDGAR -> FIVE TOWNS SPRINKLER SERVICE INC.
[2026-03-10 19:23:15] INFO      -> 0 sources: 
[2026-03-10 19:23:16] INFO    [13/42] Enriching: C.M. LAWN SERVICE, INC. (no domain)
[2026-03-10 19:23:16] INFO      Layer 3: SEC EDGAR -> C.M. LAWN SERVICE, INC.
[2026-03-10 19:23:16] INFO      -> 0 sources: 
[2026-03-10 19:23:17] INFO    [14/42] Enriching: HOWARD'S TREE SERVICE INC. (no domain)
[2026-03-10 19:23:17] INFO      Layer 3: SEC EDGAR -> HOWARD'S TREE SERVICE INC.
[2026-03-10 19:23:17] INFO      -> 0 sources: 
[2026-03-10 19:23:18] INFO    [15/42] Enriching: DOMINICK'S GARDENING & LAWN SERVICE, INC. (no domain)
[2026-03-10 19:23:18] INFO      Layer 3: SEC EDGAR -> DOMINICK'S GARDENING & LAWN SERVICE, INC.
[2026-03-10 19:23:18] INFO      -> 0 sources: 
[2026-03-10 19:23:18] INFO    [16/42] Enriching: C & G LAWN CARE INC. (no domain)
[2026-03-10 19:23:18] INFO      Layer 3: SEC EDGAR -> C & G LAWN CARE INC.
[2026-03-10 19:23:19] INFO      -> 0 sources: 
[2026-03-10 19:23:19] INFO    [17/42] Enriching: SUBURBAN LAWN SERVICE, INC. (no domain)
[2026-03-10 19:23:19] INFO      Layer 3: SEC EDGAR -> SUBURBAN LAWN SERVICE, INC.
[2026-03-10 19:23:20] INFO      -> 0 sources: 
[2026-03-10 19:23:20] INFO    [18/42] Enriching: PETER D. QUATRALE TREE SERVICE, INC. (no domain)
[2026-03-10 19:23:20] INFO      Layer 3: SEC EDGAR -> PETER D. QUATRALE TREE SERVICE, INC.
[2026-03-10 19:23:21] INFO      -> 0 sources: 
[2026-03-10 19:23:21] INFO    [19/42] Enriching: MARTY'S SPRINKLER CONCEPTS, INC. (no domain)
[2026-03-10 19:23:21] INFO      Layer 3: SEC EDGAR -> MARTY'S SPRINKLER CONCEPTS, INC.
[2026-03-10 19:23:22] INFO      -> 0 sources: 
[2026-03-10 19:23:22] INFO    [20/42] Enriching: MONEY TREE SERVICES INC. (no domain)
[2026-03-10 19:23:22] INFO      Layer 3: SEC EDGAR -> MONEY TREE SERVICES INC.
[2026-03-10 19:23:23] INFO      -> 0 sources: 
[2026-03-10 19:23:23] INFO    [21/42] Enriching: THE SPRINKLER CO. INC. (no domain)
[2026-03-10 19:23:23] INFO      Layer 3: SEC EDGAR -> THE SPRINKLER CO. INC.
[2026-03-10 19:23:23] INFO      -> 0 sources: 
[2026-03-10 19:23:24] INFO    [22/42] Enriching: BUCKMILLER AUTOMATIC SPRINKLER CORP (no domain)
[2026-03-10 19:23:24] INFO      Layer 3: SEC EDGAR -> BUCKMILLER AUTOMATIC SPRINKLER CORP
[2026-03-10 19:23:24] INFO      -> 0 sources: 
[2026-03-10 19:23:25] INFO    [23/42] Enriching: GEORGE LAMBROU SPRINKLER CONTRACTING CORP. (no domain)
[2026-03-10 19:23:25] INFO      Layer 3: SEC EDGAR -> GEORGE LAMBROU SPRINKLER CONTRACTING CORP.
[2026-03-10 19:23:25] INFO      -> 0 sources: 
[2026-03-10 19:23:26] INFO    [24/42] Enriching: BLAIR'S LAWN MAINTENANCE, INC. (no domain)
[2026-03-10 19:23:26] INFO      Layer 3: SEC EDGAR -> BLAIR'S LAWN MAINTENANCE, INC.
[2026-03-10 19:23:26] INFO      -> 0 sources: 
[2026-03-10 19:23:26] INFO    [25/42] Enriching: Florida's Premier Lawn & Landscape (lawnservicelakelandfla.com)
[2026-03-10 19:23:26] INFO      Layer 1: Website scrape -> lawnservicelakelandfla.com
[2026-03-10 19:23:35] INFO      Layer 2: Domain intel -> lawnservicelakelandfla.com
[2026-03-10 19:23:35] INFO      Layer 3: SEC EDGAR -> Florida's Premier Lawn & Landscape
[2026-03-10 19:23:36] INFO      -> 2 sources: website, domain_intel
[2026-03-10 19:23:37] INFO    [26/42] Enriching: LAWNBIRD SPRINKLER SYSTEMS, INC. (no domain)
[2026-03-10 19:23:37] INFO      Layer 3: SEC EDGAR -> LAWNBIRD SPRINKLER SYSTEMS, INC.
[2026-03-10 19:23:37] INFO      -> 0 sources: 
[2026-03-10 19:23:37] INFO    [27/42] Enriching: PAT ROMEO LAWN MAINTENANCE INC. (no domain)
[2026-03-10 19:23:37] INFO      Layer 3: SEC EDGAR -> PAT ROMEO LAWN MAINTENANCE INC.
[2026-03-10 19:23:38] INFO      -> 0 sources: 
[2026-03-10 19:23:38] INFO    [28/42] Enriching: NATIONAL LAWN SPRINKLERS, INC. (no domain)
[2026-03-10 19:23:38] INFO      Layer 3: SEC EDGAR -> NATIONAL LAWN SPRINKLERS, INC.
[2026-03-10 19:23:39] INFO      -> 0 sources: 
[2026-03-10 19:23:39] INFO    [29/42] Enriching: KOCH TREE SERVICES, INC. (no domain)
[2026-03-10 19:23:39] INFO      Layer 3: SEC EDGAR -> KOCH TREE SERVICES, INC.
[2026-03-10 19:23:40] INFO      -> 0 sources: 
[2026-03-10 19:23:40] INFO    [30/42] Enriching: WILD APPLE MULCH, INC. (no domain)
[2026-03-10 19:23:40] INFO      Layer 3: SEC EDGAR -> WILD APPLE MULCH, INC.
[2026-03-10 19:23:41] INFO      -> 0 sources: 
[2026-03-10 19:23:41] INFO    [31/42] Enriching: SUMMER RAIN SPRINKLER SYSTEMS, INC. (no domain)
[2026-03-10 19:23:41] INFO      Layer 3: SEC EDGAR -> SUMMER RAIN SPRINKLER SYSTEMS, INC.
[2026-03-10 19:23:41] INFO      -> 0 sources: 
[2026-03-10 19:23:42] INFO    [32/42] Enriching: ARTY'S SPRINKLER SERVICE AND INSTALLATION, INC. (no domain)
[2026-03-10 19:23:42] INFO      Layer 3: SEC EDGAR -> ARTY'S SPRINKLER SERVICE AND INSTALLATION, INC.
[2026-03-10 19:23:42] INFO      -> 0 sources: 
[2026-03-10 19:23:43] INFO    [33/42] Enriching: WILLIAMSBRIDGE, WOODLAWN AND WESTCHESTER RAIL ROAD COMPANY (no domain)
[2026-03-10 19:23:43] INFO      Layer 3: SEC EDGAR -> WILLIAMSBRIDGE, WOODLAWN AND WESTCHESTER RAIL ROAD COMPANY
[2026-03-10 19:23:43] INFO      -> 0 sources: 
[2026-03-10 19:23:44] INFO    [34/42] Enriching: PATS COMPLETE LANDSCAPING INC. (no domain)
[2026-03-10 19:23:44] INFO      Layer 3: SEC EDGAR -> PATS COMPLETE LANDSCAPING INC.
[2026-03-10 19:23:44] INFO      -> 0 sources: 
[2026-03-10 19:23:45] INFO    [35/42] Enriching: STEVE PETERSON TREE SERVICE, INC. (no domain)
[2026-03-10 19:23:45] INFO      Layer 3: SEC EDGAR -> STEVE PETERSON TREE SERVICE, INC.
[2026-03-10 19:23:45] INFO      -> 0 sources: 
[2026-03-10 19:23:46] INFO    [36/42] Enriching: NEW ENGLAND GREENSCAPES, INC. (no domain)
[2026-03-10 19:23:46] INFO      Layer 3: SEC EDGAR -> NEW ENGLAND GREENSCAPES, INC.
[2026-03-10 19:23:46] INFO      -> 0 sources: 
[2026-03-10 19:23:46] INFO    [37/42] Enriching: CARLAWN CORPORATION (no domain)
[2026-03-10 19:23:46] INFO      Layer 3: SEC EDGAR -> CARLAWN CORPORATION
[2026-03-10 19:23:47] INFO      -> 0 sources: 
[2026-03-10 19:23:47] INFO    [38/42] Enriching: SPRINKLERS BY SAM, LTD. (no domain)
[2026-03-10 19:23:47] INFO      Layer 3: SEC EDGAR -> SPRINKLERS BY SAM, LTD.
[2026-03-10 19:23:47] INFO      -> 0 sources: 
[2026-03-10 19:23:48] INFO    [39/42] Enriching: MIDLAND TURF, INC. (no domain)
[2026-03-10 19:23:48] INFO      Layer 3: SEC EDGAR -> MIDLAND TURF, INC.
[2026-03-10 19:23:48] INFO      -> 0 sources: 
[2026-03-10 19:23:49] INFO    [40/42] Enriching: K & N LANDSCAPING, INC. (no domain)
[2026-03-10 19:23:49] INFO      Layer 3: SEC EDGAR -> K & N LANDSCAPING, INC.
[2026-03-10 19:23:49] INFO      -> 0 sources: 
[2026-03-10 19:23:50] INFO    [41/42] Enriching: HUDSON TREE SERVICE, INC. (no domain)
[2026-03-10 19:23:50] INFO      Layer 3: SEC EDGAR -> HUDSON TREE SERVICE, INC.
[2026-03-10 19:23:50] INFO      -> 0 sources: 
[2026-03-10 19:23:50] INFO    [42/42] Enriching: HASKELL TREE SERVICE, INC. (no domain)
[2026-03-10 19:23:50] INFO      Layer 3: SEC EDGAR -> HASKELL TREE SERVICE, INC.
[2026-03-10 19:23:51] INFO      -> 0 sources: 
[2026-03-10 19:23:51] INFO    ============================================================
[2026-03-10 19:23:51] INFO    ENRICHMENT COMPLETE
[2026-03-10 19:23:51] INFO      Total enriched:  42
[2026-03-10 19:23:51] INFO      Total skipped:   0
[2026-03-10 19:23:51] INFO      Total errors:    0
[2026-03-10 19:23:51] INFO    ============================================================
